script.js:41 DEBUG FLAGS:
script.js:42 oneTimeStrike  false
script.js:43 oneTimeMakeRed  false
script.js:41 DEBUG FLAGS:
script.js:42 oneTimeStrike  false
script.js:43 oneTimeMakeRed  false
script.js:41 DEBUG FLAGS:
script.js:42 oneTimeStrike  false
script.js:43 oneTimeMakeRed  false
script.js:41 DEBUG FLAGS:
script.js:42 oneTimeStrike  false
script.js:43 oneTimeMakeRed  false
script.js:41 DEBUG FLAGS:
script.js:42 oneTimeStrike  false
script.js:43 oneTimeMakeRed  false
script.js:41 DEBUG FLAGS:
script.js:42 oneTimeStrike  false
script.js:43 oneTimeMakeRed  false
script.js:41 DEBUG FLAGS:
script.js:42 oneTimeStrike  false
script.js:43 oneTimeMakeRed  false
script.js:41 DEBUG FLAGS:
script.js:42 oneTimeStrike  false
script.js:43 oneTimeMakeRed  false
script.js:41 DEBUG FLAGS:
script.js:42 oneTimeStrike  false
script.js:43 oneTimeMakeRed  false
script.js:41 DEBUG FLAGS:
script.js:42 oneTimeStrike  false
script.js:43 oneTimeMakeRed  false
script.js:41 DEBUG FLAGS:
script.js:42 oneTimeStrike  false
script.js:43 oneTimeMakeRed  false
script.js:207 ////////SECOND TEST\\\\
script.js:41 DEBUG FLAGS:
script.js:42 oneTimeStrike  false
script.js:43 oneTimeMakeRed  false
script.js:41 DEBUG FLAGS:
script.js:42 oneTimeStrike  false
script.js:43 oneTimeMakeRed  false
script.js:41 DEBUG FLAGS:
script.js:42 oneTimeStrike  false
script.js:43 oneTimeMakeRed  false
script.js:41 DEBUG FLAGS:
script.js:42 oneTimeStrike  false
script.js:43 oneTimeMakeRed  false
script.js:382 Mousedown number:  0 Pressed on time:  354  sek/100, Striked, target count:  0
script.js:383 All click results  [354]
script.js:41 DEBUG FLAGS:
script.js:42 oneTimeStrike  true
script.js:43 oneTimeMakeRed  false
script.js:41 DEBUG FLAGS:
script.js:42 oneTimeStrike  true
script.js:43 oneTimeMakeRed  false
script.js:41 DEBUG FLAGS:
script.js:42 oneTimeStrike  false
script.js:43 oneTimeMakeRed  false
script.js:41 DEBUG FLAGS:
script.js:42 oneTimeStrike  false
script.js:43 oneTimeMakeRed  false
script.js:41 DEBUG FLAGS:
script.js:42 oneTimeStrike  false
script.js:43 oneTimeMakeRed  false
script.js:111 miss, target count:  0
script.js:112 All click results  (2) [354, "notClicked"]
script.js:382 Mousedown number:  2 Pressed on time:  22  sek/100, Striked, target count:  0
script.js:383 All click results  (3) [354, "notClicked", 22]
script.js:41 DEBUG FLAGS:
script.js:42 oneTimeStrike  true
script.js:43 oneTimeMakeRed  false
script.js:41 DEBUG FLAGS:
script.js:42 oneTimeStrike  true
script.js:43 oneTimeMakeRed  false
script.js:41 DEBUG FLAGS:
script.js:42 oneTimeStrike  true
script.js:43 oneTimeMakeRed  false
script.js:41 DEBUG FLAGS:
script.js:42 oneTimeStrike  false
script.js:43 oneTimeMakeRed  false
script.js:41 DEBUG FLAGS:
script.js:42 oneTimeStrike  false
script.js:43 oneTimeMakeRed  false
script.js:41 DEBUG FLAGS:
script.js:42 oneTimeStrike  false
script.js:43 oneTimeMakeRed  false
script.js:382 Mousedown number:  3 Pressed on time:  8  sek/100, Striked, target count:  0
script.js:383 All click results  (4) [354, "notClicked", 22, 8]
script.js:41 DEBUG FLAGS:
script.js:42 oneTimeStrike  true
script.js:43 oneTimeMakeRed  false
script.js:41 DEBUG FLAGS:
script.js:42 oneTimeStrike  true
script.js:43 oneTimeMakeRed  false
script.js:41 DEBUG FLAGS:
script.js:42 oneTimeStrike  true
script.js:43 oneTimeMakeRed  false
script.js:41 DEBUG FLAGS:
script.js:42 oneTimeStrike  false
script.js:43 oneTimeMakeRed  false
script.js:41 DEBUG FLAGS:
script.js:42 oneTimeStrike  false
script.js:43 oneTimeMakeRed  false
script.js:382 Mousedown number:  4 Pressed on time:  -42  sek/100, Striked, target count:  0
script.js:383 All click results  (5) [354, "notClicked", 22, 8, -42]
script.js:41 DEBUG FLAGS:
script.js:42 oneTimeStrike  true
script.js:43 oneTimeMakeRed  false
script.js:41 DEBUG FLAGS:
script.js:42 oneTimeStrike  true
script.js:43 oneTimeMakeRed  false
script.js:41 DEBUG FLAGS:
script.js:42 oneTimeStrike  true
script.js:43 oneTimeMakeRed  false
script.js:41 DEBUG FLAGS:
script.js:42 oneTimeStrike  true
script.js:43 oneTimeMakeRed  false
script.js:41 DEBUG FLAGS:
script.js:42 oneTimeStrike  false
script.js:43 oneTimeMakeRed  false
script.js:41 DEBUG FLAGS:
script.js:42 oneTimeStrike  false
script.js:43 oneTimeMakeRed  false
script.js:41 DEBUG FLAGS:
script.js:42 oneTimeStrike  false
script.js:43 oneTimeMakeRed  false
script.js:41 DEBUG FLAGS:
script.js:42 oneTimeStrike  false
script.js:43 oneTimeMakeRed  false
script.js:41 DEBUG FLAGS:
script.js:42 oneTimeStrike  false
script.js:43 oneTimeMakeRed  false
script.js:382 Mousedown number:  10 Pressed on time:  -1119  sek/100, Striked, target count:  0
script.js:383 All click results  (11) [354, "notClicked", 22, 8, -42, -326, -611, -897, -1183, -1201, -1119]
script.js:41 DEBUG FLAGS:
script.js:42 oneTimeStrike  true
script.js:43 oneTimeMakeRed  false
script.js:41 DEBUG FLAGS:
script.js:42 oneTimeStrike  false
script.js:43 oneTimeMakeRed  false
script.js:41 DEBUG FLAGS:
script.js:42 oneTimeStrike  false
script.js:43 oneTimeMakeRed  false
script.js:41 DEBUG FLAGS:
script.js:42 oneTimeStrike  false
script.js:43 oneTimeMakeRed  false
script.js:382 Mousedown number:  11 Pressed on time:  -1215  sek/100, Striked, target count:  0
script.js:383 All click results  (12) [354, "notClicked", 22, 8, -42, -326, -611, -897, -1183, -1201, -1119, -1215]
script.js:41 DEBUG FLAGS:
script.js:42 oneTimeStrike  true
script.js:43 oneTimeMakeRed  false
script.js:41 DEBUG FLAGS:
script.js:42 oneTimeStrike  true
script.js:43 oneTimeMakeRed  false
script.js:41 DEBUG FLAGS:
script.js:42 oneTimeStrike  true
script.js:43 oneTimeMakeRed  false
script.js:41 DEBUG FLAGS:
script.js:42 oneTimeStrike  false
script.js:43 oneTimeMakeRed  false
script.js:41 DEBUG FLAGS:
script.js:42 oneTimeStrike  false
script.js:43 oneTimeMakeRed  false
script.js:41 DEBUG FLAGS:
script.js:42 oneTimeStrike  false
script.js:43 oneTimeMakeRed  false
script.js:382 Mousedown number:  12 Pressed on time:  -1222  sek/100, Striked, target count:  0
script.js:383 All click results  (13) [354, "notClicked", 22, 8, -42, -326, -611, -897, -1183, -1201, -1119, -1215, -1222]
script.js:41 DEBUG FLAGS:
script.js:42 oneTimeStrike  true
script.js:43 oneTimeMakeRed  false
script.js:41 DEBUG FLAGS:
script.js:42 oneTimeStrike  true
script.js:43 oneTimeMakeRed  false
script.js:41 DEBUG FLAGS:
script.js:42 oneTimeStrike  true
script.js:43 oneTimeMakeRed  false
script.js:41 DEBUG FLAGS:
script.js:42 oneTimeStrike  false
script.js:43 oneTimeMakeRed  false
script.js:41 DEBUG FLAGS:
script.js:42 oneTimeStrike  false
script.js:43 oneTimeMakeRed  false
script.js:41 DEBUG FLAGS:
script.js:42 oneTimeStrike  false
script.js:43 oneTimeMakeRed  false
script.js:41 DEBUG FLAGS:
script.js:42 oneTimeStrike  false
script.js:43 oneTimeMakeRed  false
script.js:41 DEBUG FLAGS:
script.js:42 oneTimeStrike  false
script.js:43 oneTimeMakeRed  false
script.js:41 DEBUG FLAGS:
script.js:42 oneTimeStrike  false
script.js:43 oneTimeMakeRed  false
script.js:41 DEBUG FLAGS:
script.js:42 oneTimeStrike  false
script.js:43 oneTimeMakeRed  false
script.js:41 DEBUG FLAGS:
script.js:42 oneTimeStrike  false
script.js:43 oneTimeMakeRed  false
script.js:41 DEBUG FLAGS:
script.js:42 oneTimeStrike  false
script.js:43 oneTimeMakeRed  false
script.js:41 DEBUG FLAGS:
script.js:42 oneTimeStrike  false
script.js:43 oneTimeMakeRed  false
script.js:41 DEBUG FLAGS:
script.js:42 oneTimeStrike  false
script.js:43 oneTimeMakeRed  false
script.js:41 DEBUG FLAGS:
script.js:42 oneTimeStrike  false
script.js:43 oneTimeMakeRed  false
script.js:41 DEBUG FLAGS:
script.js:42 oneTimeStrike  false
script.js:43 oneTimeMakeRed  false
script.js:41 DEBUG FLAGS:
script.js:42 oneTimeStrike  false
script.js:43 oneTimeMakeRed  false
script.js:41 DEBUG FLAGS:
script.js:42 oneTimeStrike  false
script.js:43 oneTimeMakeRed  false
script.js:41 DEBUG FLAGS:
script.js:42 oneTimeStrike  false
script.js:43 oneTimeMakeRed  false
script.js:41 DEBUG FLAGS:
script.js:42 oneTimeStrike  false
script.js:43 oneTimeMakeRed  false
script.js:41 DEBUG FLAGS:
script.js:42 oneTimeStrike  false
script.js:43 oneTimeMakeRed  false
script.js:41 DEBUG FLAGS:
script.js:42 oneTimeStrike  false
script.js:43 oneTimeMakeRed  false
script.js:41 DEBUG FLAGS:
script.js:42 oneTimeStrike  false
script.js:43 oneTimeMakeRed  false
script.js:41 DEBUG FLAGS:
script.js:42 oneTimeStrike  false
script.js:43 oneTimeMakeRed  false
script.js:41 DEBUG FLAGS:
script.js:42 oneTimeStrike  false
script.js:43 oneTimeMakeRed  false
script.js:41 DEBUG FLAGS:
script.js:42 oneTimeStrike  false
script.js:43 oneTimeMakeRed  false
script.js:41 DEBUG FLAGS:
script.js:42 oneTimeStrike  false
script.js:43 oneTimeMakeRed  false
script.js:41 DEBUG FLAGS:
script.js:42 oneTimeStrike  false
script.js:43 oneTimeMakeRed  false
script.js:41 DEBUG FLAGS:
script.js:42 oneTimeStrike  false
script.js:43 oneTimeMakeRed  false
script.js:41 DEBUG FLAGS:
script.js:42 oneTimeStrike  false
script.js:43 oneTimeMakeRed  false
script.js:41 DEBUG FLAGS:
script.js:42 oneTimeStrike  false
script.js:43 oneTimeMakeRed  false
script.js:41 DEBUG FLAGS:
script.js:42 oneTimeStrike  false
script.js:43 oneTimeMakeRed  false
script.js:41 DEBUG FLAGS:
script.js:42 oneTimeStrike  false
script.js:43 oneTimeMakeRed  false
script.js:41 DEBUG FLAGS:
script.js:42 oneTimeStrike  false
script.js:43 oneTimeMakeRed  false
script.js:41 DEBUG FLAGS:
script.js:42 oneTimeStrike  false
script.js:43 oneTimeMakeRed  false
script.js:41 DEBUG FLAGS:
script.js:42 oneTimeStrike  false
script.js:43 oneTimeMakeRed  false
script.js:111 miss, target count:  0
script.js:112 All click results  (14) [354, "notClicked", 22, 8, -42, -326, -611, -897, -1183, -1201, -1119, -1215, -1222, "notClicked"]
script.js:41 DEBUG FLAGS:
script.js:42 oneTimeStrike  false
script.js:43 oneTimeMakeRed  false
script.js:41 DEBUG FLAGS:
script.js:42 oneTimeStrike  false
script.js:43 oneTimeMakeRed  false
script.js:41 DEBUG FLAGS:
script.js:42 oneTimeStrike  false
script.js:43 oneTimeMakeRed  false
script.js:41 DEBUG FLAGS:
script.js:42 oneTimeStrike  false
script.js:43 oneTimeMakeRed  false
script.js:41 DEBUG FLAGS:
script.js:42 oneTimeStrike  false
script.js:43 oneTimeMakeRed  false
script.js:41 DEBUG FLAGS:
script.js:42 oneTimeStrike  false
script.js:43 oneTimeMakeRed  false
script.js:111 miss, target count:  0
script.js:112 All click results  (15) [354, "notClicked", 22, 8, -42, -326, -611, -897, -1183, -1201, -1119, -1215, -1222, "notClicked", "notClicked"]
script.js:41 DEBUG FLAGS:
script.js:42 oneTimeStrike  false
script.js:43 oneTimeMakeRed  false
script.js:41 DEBUG FLAGS:
script.js:42 oneTimeStrike  false
script.js:43 oneTimeMakeRed  false
script.js:41 DEBUG FLAGS:
script.js:42 oneTimeStrike  false
script.js:43 oneTimeMakeRed  false
script.js:41 DEBUG FLAGS:
script.js:42 oneTimeStrike  false
script.js:43 oneTimeMakeRed  false
script.js:41 DEBUG FLAGS:
script.js:42 oneTimeStrike  false
script.js:43 oneTimeMakeRed  false
script.js:41 DEBUG FLAGS:
script.js:42 oneTimeStrike  false
script.js:43 oneTimeMakeRed  false
script.js:111 miss, target count:  0
script.js:112 All click results  (16) [354, "notClicked", 22, 8, -42, -326, -611, -897, -1183, -1201, -1119, -1215, -1222, "notClicked", "notClicked", "notClicked"]
script.js:41 DEBUG FLAGS:
script.js:42 oneTimeStrike  false
script.js:43 oneTimeMakeRed  false
script.js:41 DEBUG FLAGS:
script.js:42 oneTimeStrike  false
script.js:43 oneTimeMakeRed  false
script.js:41 DEBUG FLAGS:
script.js:42 oneTimeStrike  false
script.js:43 oneTimeMakeRed  false
script.js:41 DEBUG FLAGS:
script.js:42 oneTimeStrike  false
script.js:43 oneTimeMakeRed  false
script.js:41 DEBUG FLAGS:
script.js:42 oneTimeStrike  false
script.js:43 oneTimeMakeRed  false
