script.js:45 time: 0
script.js:45 time: 0
script.js:45 time: 0
script.js:45 time: 0
script.js:45 time: 0
script.js:45 time: 0
script.js:45 time: 0
script.js:45 time: 0
script.js:45 time: 0
script.js:45 time: 0
script.js:45 time: 0
script.js:45 time: 0
script.js:45 time: 0
script.js:45 time: 0
script.js:45 time: 0
script.js:45 time: 0
script.js:45 time: 0
script.js:45 time: 0
script.js:45 time: 0
script.js:45 time: 0
script.js:45 time: 0
script.js:45 time: 0
script.js:45 time: 0
script.js:45 time: 0
script.js:45 time: 0
script.js:45 time: 0
script.js:45 time: 0
script.js:45 time: 0
script.js:45 time: 22
script.js:45 time: 47
script.js:45 time: 72
script.js:45 time: 97
script.js:45 time: 122
script.js:45 time: 147
script.js:45 time: 172
script.js:215 ////////SECOND TEST\\\\
script.js:45 time: 197
script.js:45 time: 218
script.js:45 time: 243
script.js:45 time: 268
script.js:45 time: 293
script.js:45 time: 318
script.js:390 Mousedown number:  0 Pressed on time:  328  sek/100, Striked, target count:  0
script.js:391 All click results  [328]
script.js:45 time: 43
script.js:45 time: 68
script.js:45 time: 93
script.js:45 time: 118
script.js:45 time: 143
script.js:45 time: 168
script.js:45 time: 193
script.js:45 time: 218
script.js:45 time: 243
script.js:45 time: 268
script.js:45 time: 293
script.js:119 miss, target count:  0
script.js:120 All click results  (2) [328, "notClicked"]
script.js:45 time: 20
script.js:390 Mousedown number:  2 Pressed on time:  36  sek/100, Striked, target count:  0
script.js:391 All click results  (3) [328, "notClicked", 36]
script.js:45 time: -255
script.js:45 time: -230
script.js:45 time: -205
script.js:45 time: -180
script.js:45 time: -155
script.js:45 time: -130
script.js:45 time: -105
script.js:45 time: -80
script.js:45 time: -55
script.js:45 time: -30
script.js:45 time: -5
script.js:390 Mousedown number:  3 Pressed on time:  3  sek/100, Striked, target count:  0
script.js:391 All click results  (4) [328, "notClicked", 36, 3]
script.js:45 time: -280
script.js:45 time: -255
script.js:45 time: -230
script.js:45 time: -205
script.js:45 time: -180
script.js:45 time: -155
script.js:45 time: -130
script.js:45 time: -105
script.js:45 time: -80
script.js:45 time: -55
script.js:45 time: -30
script.js:45 time: -5
script.js:390 Mousedown number:  4 Pressed on time:  10  sek/100, Striked, target count:  0
script.js:391 All click results  (5) [328, "notClicked", 36, 3, 10]
script.js:45 time: -280
script.js:45 time: -255
script.js:45 time: -230
script.js:45 time: -205
script.js:45 time: -180
script.js:45 time: -155
script.js:45 time: -130
script.js:45 time: -105
script.js:45 time: -80
script.js:45 time: -55
script.js:45 time: -30
script.js:45 time: -5
script.js:390 Mousedown number:  5 Pressed on time:  -1  sek/100, Striked, target count:  0
script.js:391 All click results  (6) [328, "notClicked", 36, 3, 10, -1]
script.js:45 time: -280
script.js:45 time: -255
script.js:45 time: -230
script.js:45 time: -205
script.js:45 time: -180
script.js:45 time: -155
script.js:45 time: -130
script.js:45 time: -105
script.js:45 time: -80
script.js:45 time: -55
script.js:45 time: -30
script.js:45 time: -5
script.js:45 time: 20
script.js:45 time: 45
script.js:45 time: 70
script.js:45 time: 95
script.js:45 time: 120
script.js:45 time: 145
script.js:45 time: 170
script.js:45 time: 195
script.js:45 time: 220
script.js:45 time: 245
script.js:45 time: 270
script.js:45 time: 295
script.js:390 Mousedown number:  13 Pressed on time:  297  sek/100, Striked, target count:  0
script.js:391 All click results  (14) [328, "notClicked", 36, 3, 10, -1, 42, 131, 147, 164, 180, 195, 213, 297]
script.js:45 time: -280
script.js:45 time: -555
script.js:45 time: -1130
script.js:45 time: -1405
script.js:45 time: -1980
script.js:45 time: -2255
script.js:45 time: -2230
script.js:45 time: -2205
script.js:45 time: -2180
script.js:45 time: -2155
script.js:45 time: -2130
script.js:45 time: -2105
script.js:45 time: -2080
script.js:390 Mousedown number:  22 Pressed on time:  -2074  sek/100, Striked, target count:  0
script.js:391 All click results  (23) [328, "notClicked", 36, 3, 10, -1, 42, 131, 147, 164, 180, 195, 213, 297, 17, -267, -549, -834, -1117, -1400, -1685, -1969, -2074]
script.js:45 time: -2355
script.js:45 time: -2330
script.js:45 time: -2305
script.js:45 time: -2280
script.js:45 time: -2255
script.js:45 time: -2230
script.js:45 time: -2205
script.js:45 time: -2180
script.js:45 time: -2155
script.js:45 time: -2130
script.js:45 time: -2105
script.js:45 time: -2080
script.js:45 time: -2055
script.js:45 time: -2030
script.js:45 time: -2005
script.js:45 time: -1980
script.js:45 time: -1955
script.js:45 time: -1930
script.js:45 time: -1905
script.js:45 time: -1880
script.js:45 time: -1856
script.js:45 time: -1832
script.js:45 time: -1813
script.js:45 time: -1790
script.js:45 time: -1765
script.js:45 time: -1740
script.js:45 time: -1715
script.js:45 time: -1690
script.js:45 time: -1665
script.js:45 time: -1640
script.js:45 time: -1615
script.js:45 time: -1590
script.js:45 time: -1565
script.js:45 time: -1540
script.js:45 time: -1515
script.js:45 time: -1490
script.js:45 time: -1465
script.js:45 time: -1440
script.js:45 time: -1415
script.js:45 time: -1390
script.js:45 time: -1365
script.js:45 time: -1340
script.js:45 time: -1315
script.js:45 time: -1290
script.js:45 time: -1265
script.js:45 time: -1240
script.js:45 time: -1215
script.js:45 time: -1190
script.js:45 time: -1165
script.js:45 time: -1140
script.js:45 time: -1115
script.js:45 time: -1090
script.js:45 time: -1065
script.js:45 time: -1040
script.js:45 time: -1015
script.js:45 time: -990
script.js:45 time: -965
script.js:45 time: -940
script.js:45 time: -915
script.js:45 time: -890
script.js:45 time: -865
script.js:45 time: -840
script.js:45 time: -815
script.js:45 time: -790
script.js:45 time: -765
