script.js:45 time: 0
script.js:45 time: 0
script.js:45 time: 0
script.js:45 time: 0
script.js:45 time: 0
script.js:45 time: 0
script.js:45 time: 0
script.js:45 time: 0
script.js:45 time: 0
script.js:45 time: 0
script.js:45 time: 0
script.js:45 time: 0
script.js:45 time: 0
script.js:45 time: 0
script.js:45 time: 20
script.js:45 time: 45
script.js:45 time: 70
script.js:45 time: 95
script.js:45 time: 120
script.js:45 time: 145
script.js:45 time: 170
script.js:45 time: 195
script.js:45 time: 220
script.js:215 ////////SECOND TEST\\\\
script.js:45 time: 245
script.js:45 time: 269
script.js:45 time: 294
script.js:45 time: 319
script.js:45 time: 344
script.js:390 Mousedown number:  0 Pressed on time:  344  sek/100, Striked, target count:  0
script.js:391 All click results  [344]
script.js:45 time: 69
script.js:45 time: 94
script.js:45 time: 119
script.js:45 time: 144
script.js:45 time: 169
script.js:45 time: 194
script.js:45 time: 219
script.js:45 time: 244
script.js:45 time: 269
script.js:45 time: 294
script.js:119 miss, target count:  0
script.js:120 All click results  (2) [344, "notClicked"]
script.js:45 time: 21
script.js:45 time: 46
script.js:390 Mousedown number:  2 Pressed on time:  64  sek/100, Striked, target count:  0
script.js:391 All click results  (3) [344, "notClicked", 64]
script.js:45 time: -229
script.js:45 time: -204
script.js:45 time: -179
script.js:45 time: -154
script.js:45 time: -129
script.js:45 time: -104
script.js:45 time: -79
script.js:45 time: -54
script.js:45 time: -29
script.js:45 time: -4
script.js:45 time: 21
script.js:45 time: 46
script.js:390 Mousedown number:  3 Pressed on time:  49  sek/100, Striked, target count:  0
script.js:391 All click results  (4) [344, "notClicked", 64, 49]
script.js:45 time: -229
script.js:45 time: -204
script.js:45 time: -179
script.js:45 time: -154
script.js:45 time: -129
script.js:45 time: -104
script.js:45 time: -79
script.js:45 time: -54
script.js:45 time: -29
script.js:45 time: -4
script.js:45 time: 21
script.js:390 Mousedown number:  4 Pressed on time:  32  sek/100, Striked, target count:  0
script.js:391 All click results  (5) [344, "notClicked", 64, 49, 32]
script.js:45 time: -254
script.js:45 time: -229
script.js:45 time: -204
script.js:45 time: -179
script.js:45 time: -154
script.js:45 time: -129
script.js:45 time: -104
script.js:45 time: -79
script.js:45 time: -54
script.js:45 time: -29
script.js:45 time: -4
script.js:45 time: 21
script.js:45 time: 46
script.js:45 time: 71
script.js:45 time: 96
script.js:45 time: 121
script.js:45 time: 146
script.js:45 time: 171
script.js:390 Mousedown number:  5 Pressed on time:  177  sek/100, Striked, target count:  0
script.js:391 All click results  (6) [344, "notClicked", 64, 49, 32, 177]
script.js:45 time: -104
script.js:45 time: -79
script.js:45 time: -54
script.js:45 time: -29
script.js:45 time: -4
script.js:45 time: 21
script.js:45 time: 46
script.js:45 time: 71
script.js:45 time: 96
script.js:45 time: 121
script.js:45 time: 146
script.js:45 time: 171
script.js:390 Mousedown number:  6 Pressed on time:  173  sek/100, Striked, target count:  0
script.js:391 All click results  (7) [344, "notClicked", 64, 49, 32, 177, 173]
script.js:45 time: -104
script.js:45 time: -79
script.js:45 time: -54
script.js:45 time: -29
script.js:45 time: -4
script.js:45 time: 21
script.js:45 time: 46
script.js:45 time: 71
script.js:45 time: 96
script.js:45 time: 121
script.js:390 Mousedown number:  7 Pressed on time:  125  sek/100, Striked, target count:  0
script.js:391 All click results  (8) [344, "notClicked", 64, 49, 32, 177, 173, 125]
script.js:45 time: -154
script.js:45 time: -129
script.js:45 time: -104
script.js:45 time: -79
script.js:45 time: -54
script.js:45 time: -29
script.js:45 time: -4
script.js:45 time: 21
script.js:45 time: 46
script.js:45 time: 71
script.js:45 time: 96
script.js:45 time: 121
script.js:45 time: 146
script.js:45 time: 171
script.js:45 time: 196
script.js:45 time: 221
script.js:45 time: 246
script.js:45 time: 271
script.js:45 time: 296
script.js:119 miss, target count:  0
script.js:120 All click results  (9) [344, "notClicked", 64, 49, 32, 177, 173, 125, "notClicked"]
script.js:45 time: 23
script.js:45 time: 48
script.js:45 time: 73
script.js:45 time: 98
script.js:45 time: 123
script.js:45 time: 148
script.js:45 time: 173
script.js:45 time: 198
script.js:45 time: 223
script.js:45 time: 248
script.js:45 time: 273
script.js:119 miss, target count:  0
script.js:120 All click results  (10) [344, "notClicked", 64, 49, 32, 177, 173, 125, "notClicked", "notClicked"]
script.js:45 time: 0
script.js:45 time: 25
script.js:45 time: 50
script.js:45 time: 75
script.js:45 time: 100
script.js:45 time: 125
script.js:45 time: 150
script.js:390 Mousedown number:  10 Pressed on time:  166  sek/100, Striked, target count:  0
script.js:391 All click results  (11) [344, "notClicked", 64, 49, 32, 177, 173, 125, "notClicked", "notClicked", 166]
script.js:45 time: -125
script.js:45 time: -100
script.js:45 time: -75
script.js:45 time: -50
script.js:45 time: -25
script.js:45 time: 0
script.js:45 time: 25
script.js:45 time: 50
script.js:390 Mousedown number:  11 Pressed on time:  70  sek/100, Striked, target count:  0
script.js:391 All click results  (12) [344, "notClicked", 64, 49, 32, 177, 173, 125, "notClicked", "notClicked", 166, 70]
script.js:45 time: -225
script.js:45 time: -200
script.js:45 time: -175
script.js:45 time: -150
script.js:45 time: -125
script.js:45 time: -100
script.js:45 time: -75
script.js:45 time: -50
script.js:45 time: -25
script.js:45 time: 0
script.js:390 Mousedown number:  12 Pressed on time:  11  sek/100, Striked, target count:  0
script.js:391 All click results  (13) [344, "notClicked", 64, 49, 32, 177, 173, 125, "notClicked", "notClicked", 166, 70, 11]
script.js:45 time: -275
script.js:45 time: -250
script.js:45 time: -225
script.js:45 time: -200
script.js:45 time: -175
script.js:45 time: -150
script.js:45 time: -125
script.js:45 time: -100
script.js:45 time: -75
script.js:45 time: -50
script.js:45 time: -25
script.js:45 time: 0
script.js:45 time: 25
script.js:45 time: 50
script.js:390 Mousedown number:  13 Pressed on time:  53  sek/100, Striked, target count:  0
script.js:391 All click results  (14) [344, "notClicked", 64, 49, 32, 177, 173, 125, "notClicked", "notClicked", 166, 70, 11, 53]
script.js:45 time: -525
script.js:45 time: -800
script.js:45 time: -1375
script.js:45 time: -1950
script.js:45 time: -2225
script.js:45 time: -2200
script.js:45 time: -2175
script.js:45 time: -2150
script.js:45 time: -2125
script.js:45 time: -2100
script.js:45 time: -2075
script.js:45 time: -2050
script.js:45 time: -2025
script.js:45 time: -2000
script.js:45 time: -1975
script.js:45 time: -1950
script.js:45 time: -1925
script.js:45 time: -1900
script.js:45 time: -1875
script.js:45 time: -1850
script.js:45 time: -1825
script.js:45 time: -1800
script.js:45 time: -1775
script.js:45 time: -1750
script.js:45 time: -1725
script.js:390 Mousedown number:  21 Pressed on time:  -1702  sek/100, Striked, target count:  0
script.js:391 All click results  (22) [344, "notClicked", 64, 49, 32, 177, 173, 125, "notClicked", "notClicked", 166, 70, 11, 53, -229, -514, -799, -1081, -1366, -1651, -1933, -1702]
script.js:45 time: -2000
script.js:45 time: -1975
script.js:45 time: -1950
script.js:45 time: -1925
script.js:45 time: -1900
script.js:45 time: -1875
script.js:45 time: -1850
script.js:45 time: -1825
script.js:45 time: -1800
script.js:45 time: -1775
script.js:45 time: -1750
script.js:390 Mousedown number:  22 Pressed on time:  -1736  sek/100, Striked, target count:  0
script.js:391 All click results  (23) [344, "notClicked", 64, 49, 32, 177, 173, 125, "notClicked", "notClicked", 166, 70, 11, 53, -229, -514, -799, -1081, -1366, -1651, -1933, -1702, -1736]
script.js:45 time: -2025
script.js:45 time: -2000
script.js:45 time: -1975
script.js:45 time: -1950
script.js:45 time: -1925
script.js:45 time: -1900
script.js:45 time: -1875
script.js:45 time: -1850
script.js:45 time: -1825
script.js:45 time: -1800
script.js:45 time: -1775
script.js:45 time: -1750
script.js:45 time: -1725
script.js:45 time: -1704
script.js:45 time: -1681
script.js:45 time: -1657
script.js:45 time: -1631
script.js:45 time: -1606
script.js:45 time: -1581
script.js:45 time: -1556
script.js:45 time: -1531
script.js:45 time: -1506
script.js:45 time: -1481
script.js:45 time: -1456
script.js:45 time: -1431
script.js:45 time: -1406
script.js:45 time: -1381
script.js:45 time: -1356
script.js:45 time: -1331
script.js:45 time: -1306
script.js:45 time: -1281
script.js:45 time: -1256
script.js:45 time: -1231
script.js:45 time: -1206
script.js:45 time: -1181
script.js:45 time: -1156
script.js:45 time: -1131
script.js:45 time: -1106
script.js:45 time: -1081
script.js:45 time: -1056
script.js:45 time: -1031
script.js:45 time: -1006
script.js:45 time: -981
script.js:45 time: -956
script.js:45 time: -931
script.js:45 time: -906
script.js:45 time: -881
script.js:45 time: -856
script.js:45 time: -831
script.js:45 time: -806
script.js:45 time: -781
script.js:45 time: -756
script.js:45 time: -731
script.js:45 time: -706
script.js:45 time: -681
script.js:45 time: -657
